<?xml version="1.0" encoding="UTF-8"?>
<!-- Generated by org.testng.reporters.JUnitReportReporter -->
<testsuite hostname="SRINIVAS-G2005" failures="0" tests="3" name="tutorialsPoint.Handling_CheckBoxes" time="0.644" errors="0" timestamp="2025-07-04T11:03:29 IST" skipped="0">
  <testcase classname="tutorialsPoint.Handling_CheckBoxes" name="radioButtonYes" time="0.290"/>
  <testcase classname="tutorialsPoint.Handling_CheckBoxes" name="radioButtonNo" time="0.203"/>
  <testcase classname="tutorialsPoint.Handling_CheckBoxes" name="radioButtonDisabled" time="0.151"/>
</testsuite> <!-- tutorialsPoint.Handling_CheckBoxes -->
