<?xml version="1.0" encoding="UTF-8"?>
<!-- Generated by org.testng.reporters.JUnitReportReporter -->
<testsuite hostname="SRINIVAS-G2005" failures="0" tests="1" name="webDriverUniversity.HandlingRadioButtons" time="1.001" errors="0" timestamp="2025-03-30T19:54:29 IST" skipped="0">
  <testcase classname="webDriverUniversity.HandlingRadioButtons" name="radioButtons" time="1.001"/>
</testsuite> <!-- webDriverUniversity.HandlingRadioButtons -->
