<?xml version="1.0" encoding="UTF-8"?>
<!-- Generated by org.testng.reporters.JUnitReportReporter -->
<testsuite hostname="SRINIVAS-G2005" failures="0" tests="1" name="DemoQA.RadioBtnDemoQa" time="0.119" errors="0" timestamp="2025-02-27T09:35:39 IST" skipped="0">
  <testcase classname="DemoQA.RadioBtnDemoQa" name="clickNoBtn" time="0.119"/>
</testsuite> <!-- DemoQA.RadioBtnDemoQa -->
